<?xml version="1.0" encoding="UTF-8"?>
<testsuites name="Search" time="88.893" tests="2" failures="1" errors="0">
   <testsuite name="Search" tests="2" failures="1" errors="0" time="88.893" skipped="0" timestamp="2023-07-30 17:24:48" hostname="sangmoon.choi - localhost" id="Test Suites/Search">
      <properties>
         <property name="deviceName" value=""/>
         <property name="devicePlatform" value=""/>
         <property name="logFolder" value="/Users/sangmoon.choi/git/Automation_Wconcept/Reports/20230730_172444/Search/20230730_172444"/>
         <property name="logFiles" value="/Users/sangmoon.choi/git/Automation_Wconcept/Reports/20230730_172444/Search/20230730_172444/execution0.log"/>
         <property name="attachments" value="/Users/sangmoon.choi/git/Automation_Wconcept/Reports/20230730_172444/Search/20230730_172444/1690705572923.png, /Users/sangmoon.choi/git/Automation_Wconcept/Reports/20230730_172444/Search/20230730_172444/1690705575222.png, /Users/sangmoon.choi/git/Automation_Wconcept/Reports/20230730_172444/Search/20230730_172444/1690705575971.png, /Users/sangmoon.choi/git/Automation_Wconcept/Reports/20230730_172444/Search/20230730_172444/1690705576782.png"/>
         <property name="hostName" value="sangmoon.choi - localhost"/>
         <property name="os" value="Mac OS X 64bit"/>
         <property name="katalonVersion" value="8.6.5.208"/>
         <property name="browser" value="Chrome 115.0.0.0"/>
         <property name="hostAddress" value="127.0.0.1"/>
         <property name="sessionId" value="6b232b3613c6ec91d8a17f50aa605503"/>
         <property name="seleniumVersion" value="3.141.59"/>
         <property name="proxyInformation" value="ProxyInformation { proxyOption=NO_PROXY, proxyServerType=HTTP, username=, password=********, proxyServerAddress=, proxyServerPort=0, executionList=&quot;&quot;, isApplyToDesiredCapabilities=true }"/>
         <property name="platform" value="Mac OS X"/>
      </properties>
      <testcase name="Test Cases/Search_ResultMessage" time="82.493" classname="Test Cases/Search_ResultMessage" status="PASSED">
         <system-out><![CDATA[2023-07-30 17:24:48 - [TEST_CASE][PASSED] - Test Cases/Search_ResultMessage: Test Cases/Search_ResultMessage

2023-07-30 17:24:48 - [TEST_STEP][PASSED] - openBrowser(""): Browser is opened with url: ''

2023-07-30 17:24:49 - [MESSAGE][INFO] - Starting 'Chrome' driver

2023-07-30 17:24:49 - [MESSAGE][INFO] - Action delay is set to 0 milliseconds

2023-07-30 17:24:57 - [MESSAGE][PASSED] - Browser is opened with url: ''

2023-07-30 17:24:57 - [TEST_STEP][PASSED] - navigateToUrl("https://www.wconcept.co.kr/"): Navigate to 'https://www.wconcept.co.kr/' successfully

2023-07-30 17:25:28 - [MESSAGE][PASSED] - Navigate to 'https://www.wconcept.co.kr/' successfully

2023-07-30 17:25:28 - [TEST_STEP][PASSED] - setText(findTestObject("Page_Main/input_text"), "클리어런스"): Text '클리어런스' is set on object 'Object Repository/Page_Main/input_text'

2023-07-30 17:25:32 - [MESSAGE][PASSED] - Text '클리어런스' is set on object 'Object Repository/Page_Main/input_text'

2023-07-30 17:25:32 - [TEST_STEP][PASSED] - click(findTestObject("Page_Main/button_Search")): Object: 'Object Repository/Page_Main/button_Search' is clicked on

2023-07-30 17:26:07 - [MESSAGE][PASSED] - Object: 'Object Repository/Page_Main/button_Search' is clicked on

2023-07-30 17:26:07 - [TEST_STEP][PASSED] - verifyElementPresent(findTestObject("Page_SearchResult/element_SearchResultMessage"), 0): Object 'Object Repository/Page_SearchResult/element_SearchResultMessage' is present

2023-07-30 17:26:07 - [MESSAGE][WARNING] - Timeout '0' is invalid. Using default page load timeout: '30'

2023-07-30 17:26:08 - [MESSAGE][PASSED] - Object 'Object Repository/Page_SearchResult/element_SearchResultMessage' is present

2023-07-30 17:26:08 - [TEST_STEP][PASSED] - verifyElementText(findTestObject("Page_SearchResult/element_SearchKeyword"), "‘클리어런스’"): Actual text and expected text of test object 'Object Repository/Page_SearchResult/element_SearchKeyword' are matched.

2023-07-30 17:26:11 - [MESSAGE][PASSED] - Actual text and expected text of test object 'Object Repository/Page_SearchResult/element_SearchKeyword' are matched.]]></system-out>
         <system-err><![CDATA[]]></system-err>
      </testcase>
      <testcase name="Test Cases/Search_ProductList" time="0.735" classname="Test Cases/Search_ProductList" status="FAILED">
         <failure type="FAILED" message="Test Cases/Search_ProductList FAILED.
Reason:
com.kms.katalon.core.exception.StepFailedException: Unable to drag and drop by offset distance
	at com.kms.katalon.core.webui.keyword.internal.WebUIKeywordMain.stepFailed(WebUIKeywordMain.groovy:64)
	at com.kms.katalon.core.webui.keyword.internal.WebUIKeywordMain.runKeyword(WebUIKeywordMain.groovy:26)
	at com.kms.katalon.core.webui.keyword.builtin.DragAndDropByOffsetKeyword.dragAndDropByOffset(DragAndDropByOffsetKeyword.groovy:75)
	at com.kms.katalon.core.webui.keyword.builtin.DragAndDropByOffsetKeyword.execute(DragAndDropByOffsetKeyword.groovy:69)
	at com.kms.katalon.core.keyword.internal.KeywordExecutor.executeKeywordForPlatform(KeywordExecutor.groovy:74)
	at com.kms.katalon.core.webui.keyword.WebUiBuiltInKeywords.dragAndDropByOffset(WebUiBuiltInKeywords.groovy:2682)
	at com.kms.katalon.core.webui.keyword.WebUiBuiltInKeywords$dragAndDropByOffset$5.call(Unknown Source)
	at Search_ProductList.run(Search_ProductList:23)
	at com.kms.katalon.core.main.ScriptEngine.run(ScriptEngine.java:194)
	at com.kms.katalon.core.main.ScriptEngine.runScriptAsRawText(ScriptEngine.java:119)
	at com.kms.katalon.core.main.TestCaseExecutor.runScript(TestCaseExecutor.java:448)
	at com.kms.katalon.core.main.TestCaseExecutor.doExecute(TestCaseExecutor.java:439)
	at com.kms.katalon.core.main.TestCaseExecutor.processExecutionPhase(TestCaseExecutor.java:418)
	at com.kms.katalon.core.main.TestCaseExecutor.accessMainPhase(TestCaseExecutor.java:410)
	at com.kms.katalon.core.main.TestCaseExecutor.execute(TestCaseExecutor.java:285)
	at com.kms.katalon.core.main.TestCaseExecutor.execute(TestCaseExecutor.java:369)
	at com.kms.katalon.core.main.TestCaseExecutor.execute(TestCaseExecutor.java:369)
	at com.kms.katalon.core.main.TestCaseExecutor.execute(TestCaseExecutor.java:369)
	at com.kms.katalon.core.common.CommonExecutor.accessTestCaseMainPhase(CommonExecutor.java:65)
	at com.kms.katalon.core.main.TestSuiteExecutor.accessTestSuiteMainPhase(TestSuiteExecutor.java:148)
	at com.kms.katalon.core.main.TestSuiteExecutor.execute(TestSuiteExecutor.java:106)
	at com.kms.katalon.core.main.TestCaseMain.startTestSuite(TestCaseMain.java:187)
	at com.kms.katalon.core.main.TestCaseMain$startTestSuite$0.call(Unknown Source)
	at TempTestSuite1690705484842.run(TempTestSuite1690705484842.groovy:36)
Caused by: java.lang.IllegalArgumentException: Source object is null
	at com.kms.katalon.core.webui.keyword.builtin.DragAndDropByOffsetKeyword$_dragAndDropByOffset_closure1.doCall(DragAndDropByOffsetKeyword.groovy:80)
	at com.kms.katalon.core.webui.keyword.builtin.DragAndDropByOffsetKeyword$_dragAndDropByOffset_closure1.call(DragAndDropByOffsetKeyword.groovy)
	at com.kms.katalon.core.webui.keyword.internal.WebUIKeywordMain.runKeyword(WebUIKeywordMain.groovy:20)
	... 22 more
"/>
         <system-out><![CDATA[2023-07-30 17:26:16 - [TEST_CASE][FAILED] - Test Cases/Search_ProductList: Test Cases/Search_ProductList FAILED.
Reason:
com.kms.katalon.core.exception.StepFailedException: Unable to drag and drop by offset distance
	at com.kms.katalon.core.webui.keyword.internal.WebUIKeywordMain.stepFailed(WebUIKeywordMain.groovy:64)
	at com.kms.katalon.core.webui.keyword.internal.WebUIKeywordMain.runKeyword(WebUIKeywordMain.groovy:26)
	at com.kms.katalon.core.webui.keyword.builtin.DragAndDropByOffsetKeyword.dragAndDropByOffset(DragAndDropByOffsetKeyword.groovy:75)
	at com.kms.katalon.core.webui.keyword.builtin.DragAndDropByOffsetKeyword.execute(DragAndDropByOffsetKeyword.groovy:69)
	at com.kms.katalon.core.keyword.internal.KeywordExecutor.executeKeywordForPlatform(KeywordExecutor.groovy:74)
	at com.kms.katalon.core.webui.keyword.WebUiBuiltInKeywords.dragAndDropByOffset(WebUiBuiltInKeywords.groovy:2682)
	at com.kms.katalon.core.webui.keyword.WebUiBuiltInKeywords$dragAndDropByOffset$5.call(Unknown Source)
	at Search_ProductList.run(Search_ProductList:23)
	at com.kms.katalon.core.main.ScriptEngine.run(ScriptEngine.java:194)
	at com.kms.katalon.core.main.ScriptEngine.runScriptAsRawText(ScriptEngine.java:119)
	at com.kms.katalon.core.main.TestCaseExecutor.runScript(TestCaseExecutor.java:448)
	at com.kms.katalon.core.main.TestCaseExecutor.doExecute(TestCaseExecutor.java:439)
	at com.kms.katalon.core.main.TestCaseExecutor.processExecutionPhase(TestCaseExecutor.java:418)
	at com.kms.katalon.core.main.TestCaseExecutor.accessMainPhase(TestCaseExecutor.java:410)
	at com.kms.katalon.core.main.TestCaseExecutor.execute(TestCaseExecutor.java:285)
	at com.kms.katalon.core.main.TestCaseExecutor.execute(TestCaseExecutor.java:369)
	at com.kms.katalon.core.main.TestCaseExecutor.execute(TestCaseExecutor.java:369)
	at com.kms.katalon.core.main.TestCaseExecutor.execute(TestCaseExecutor.java:369)
	at com.kms.katalon.core.common.CommonExecutor.accessTestCaseMainPhase(CommonExecutor.java:65)
	at com.kms.katalon.core.main.TestSuiteExecutor.accessTestSuiteMainPhase(TestSuiteExecutor.java:148)
	at com.kms.katalon.core.main.TestSuiteExecutor.execute(TestSuiteExecutor.java:106)
	at com.kms.katalon.core.main.TestCaseMain.startTestSuite(TestCaseMain.java:187)
	at com.kms.katalon.core.main.TestCaseMain$startTestSuite$0.call(Unknown Source)
	at TempTestSuite1690705484842.run(TempTestSuite1690705484842.groovy:36)
Caused by: java.lang.IllegalArgumentException: Source object is null
	at com.kms.katalon.core.webui.keyword.builtin.DragAndDropByOffsetKeyword$_dragAndDropByOffset_closure1.doCall(DragAndDropByOffsetKeyword.groovy:80)
	at com.kms.katalon.core.webui.keyword.builtin.DragAndDropByOffsetKeyword$_dragAndDropByOffset_closure1.call(DragAndDropByOffsetKeyword.groovy)
	at com.kms.katalon.core.webui.keyword.internal.WebUIKeywordMain.runKeyword(WebUIKeywordMain.groovy:20)
	... 22 more


2023-07-30 17:26:16 - [TEST_STEP][PASSED] - verifyElementPresent(findTestObject("Page_SearchResult/element_ProductList"), 0): Object 'Object Repository/Page_SearchResult/element_ProductList' is present

2023-07-30 17:26:16 - [MESSAGE][WARNING] - Timeout '0' is invalid. Using default page load timeout: '30'

2023-07-30 17:26:16 - [MESSAGE][PASSED] - Object 'Object Repository/Page_SearchResult/element_ProductList' is present

2023-07-30 17:26:16 - [TEST_STEP][FAILED] - dragAndDropByOffset(findTestObject(null), 0, 900): Unable to drag and drop by offset distance (Root cause: com.kms.katalon.core.exception.StepFailedException: Unable to drag and drop by offset distance
	at com.kms.katalon.core.webui.keyword.internal.WebUIKeywordMain.stepFailed(WebUIKeywordMain.groovy:64)
	at com.kms.katalon.core.webui.keyword.internal.WebUIKeywordMain.runKeyword(WebUIKeywordMain.groovy:26)
	at com.kms.katalon.core.webui.keyword.builtin.DragAndDropByOffsetKeyword.dragAndDropByOffset(DragAndDropByOffsetKeyword.groovy:75)
	at com.kms.katalon.core.webui.keyword.builtin.DragAndDropByOffsetKeyword.execute(DragAndDropByOffsetKeyword.groovy:69)
	at com.kms.katalon.core.keyword.internal.KeywordExecutor.executeKeywordForPlatform(KeywordExecutor.groovy:74)
	at com.kms.katalon.core.webui.keyword.WebUiBuiltInKeywords.dragAndDropByOffset(WebUiBuiltInKeywords.groovy:2682)
	at com.kms.katalon.core.webui.keyword.WebUiBuiltInKeywords$dragAndDropByOffset$5.call(Unknown Source)
	at Search_ProductList.run(Search_ProductList:23)
	at com.kms.katalon.core.main.ScriptEngine.run(ScriptEngine.java:194)
	at com.kms.katalon.core.main.ScriptEngine.runScriptAsRawText(ScriptEngine.java:119)
	at com.kms.katalon.core.main.TestCaseExecutor.runScript(TestCaseExecutor.java:448)
	at com.kms.katalon.core.main.TestCaseExecutor.doExecute(TestCaseExecutor.java:439)
	at com.kms.katalon.core.main.TestCaseExecutor.processExecutionPhase(TestCaseExecutor.java:418)
	at com.kms.katalon.core.main.TestCaseExecutor.accessMainPhase(TestCaseExecutor.java:410)
	at com.kms.katalon.core.main.TestCaseExecutor.execute(TestCaseExecutor.java:285)
	at com.kms.katalon.core.main.TestCaseExecutor.execute(TestCaseExecutor.java:369)
	at com.kms.katalon.core.main.TestCaseExecutor.execute(TestCaseExecutor.java:369)
	at com.kms.katalon.core.main.TestCaseExecutor.execute(TestCaseExecutor.java:369)
	at com.kms.katalon.core.common.CommonExecutor.accessTestCaseMainPhase(CommonExecutor.java:65)
	at com.kms.katalon.core.main.TestSuiteExecutor.accessTestSuiteMainPhase(TestSuiteExecutor.java:148)
	at com.kms.katalon.core.main.TestSuiteExecutor.execute(TestSuiteExecutor.java:106)
	at com.kms.katalon.core.main.TestCaseMain.startTestSuite(TestCaseMain.java:187)
	at com.kms.katalon.core.main.TestCaseMain$startTestSuite$0.call(Unknown Source)
	at TempTestSuite1690705484842.run(TempTestSuite1690705484842.groovy:36)
Caused by: java.lang.IllegalArgumentException: Source object is null
	at com.kms.katalon.core.webui.keyword.builtin.DragAndDropByOffsetKeyword$_dragAndDropByOffset_closure1.doCall(DragAndDropByOffsetKeyword.groovy:80)
	at com.kms.katalon.core.webui.keyword.builtin.DragAndDropByOffsetKeyword$_dragAndDropByOffset_closure1.call(DragAndDropByOffsetKeyword.groovy)
	at com.kms.katalon.core.webui.keyword.internal.WebUIKeywordMain.runKeyword(WebUIKeywordMain.groovy:20)
	at com.kms.katalon.core.webui.keyword.builtin.DragAndDropByOffsetKeyword.dragAndDropByOffset(DragAndDropByOffsetKeyword.groovy:75)
	at com.kms.katalon.core.webui.keyword.builtin.DragAndDropByOffsetKeyword.execute(DragAndDropByOffsetKeyword.groovy:69)
	at com.kms.katalon.core.keyword.internal.KeywordExecutor.executeKeywordForPlatform(KeywordExecutor.groovy:74)
	at com.kms.katalon.core.webui.keyword.WebUiBuiltInKeywords.dragAndDropByOffset(WebUiBuiltInKeywords.groovy:2682)
	at com.kms.katalon.core.webui.keyword.WebUiBuiltInKeywords$dragAndDropByOffset$5.call(Unknown Source)
	at Script1690704149326.run(Script1690704149326.groovy:23)
	... 16 more
)

2023-07-30 17:26:16 - [MESSAGE][WARNING] - Test object id is null

2023-07-30 17:26:16 - [MESSAGE][WARNING] - Test object with id 'Object Repository/' does not exist

2023-07-30 17:26:17 - [MESSAGE][FAILED] - Unable to drag and drop by offset distance (Root cause: com.kms.katalon.core.exception.StepFailedException: Unable to drag and drop by offset distance
	at com.kms.katalon.core.webui.keyword.internal.WebUIKeywordMain.stepFailed(WebUIKeywordMain.groovy:64)
	at com.kms.katalon.core.webui.keyword.internal.WebUIKeywordMain.runKeyword(WebUIKeywordMain.groovy:26)
	at com.kms.katalon.core.webui.keyword.builtin.DragAndDropByOffsetKeyword.dragAndDropByOffset(DragAndDropByOffsetKeyword.groovy:75)
	at com.kms.katalon.core.webui.keyword.builtin.DragAndDropByOffsetKeyword.execute(DragAndDropByOffsetKeyword.groovy:69)
	at com.kms.katalon.core.keyword.internal.KeywordExecutor.executeKeywordForPlatform(KeywordExecutor.groovy:74)
	at com.kms.katalon.core.webui.keyword.WebUiBuiltInKeywords.dragAndDropByOffset(WebUiBuiltInKeywords.groovy:2682)
	at com.kms.katalon.core.webui.keyword.WebUiBuiltInKeywords$dragAndDropByOffset$5.call(Unknown Source)
	at Search_ProductList.run(Search_ProductList:23)
	at com.kms.katalon.core.main.ScriptEngine.run(ScriptEngine.java:194)
	at com.kms.katalon.core.main.ScriptEngine.runScriptAsRawText(ScriptEngine.java:119)
	at com.kms.katalon.core.main.TestCaseExecutor.runScript(TestCaseExecutor.java:448)
	at com.kms.katalon.core.main.TestCaseExecutor.doExecute(TestCaseExecutor.java:439)
	at com.kms.katalon.core.main.TestCaseExecutor.processExecutionPhase(TestCaseExecutor.java:418)
	at com.kms.katalon.core.main.TestCaseExecutor.accessMainPhase(TestCaseExecutor.java:410)
	at com.kms.katalon.core.main.TestCaseExecutor.execute(TestCaseExecutor.java:285)
	at com.kms.katalon.core.main.TestCaseExecutor.execute(TestCaseExecutor.java:369)
	at com.kms.katalon.core.main.TestCaseExecutor.execute(TestCaseExecutor.java:369)
	at com.kms.katalon.core.main.TestCaseExecutor.execute(TestCaseExecutor.java:369)
	at com.kms.katalon.core.common.CommonExecutor.accessTestCaseMainPhase(CommonExecutor.java:65)
	at com.kms.katalon.core.main.TestSuiteExecutor.accessTestSuiteMainPhase(TestSuiteExecutor.java:148)
	at com.kms.katalon.core.main.TestSuiteExecutor.execute(TestSuiteExecutor.java:106)
	at com.kms.katalon.core.main.TestCaseMain.startTestSuite(TestCaseMain.java:187)
	at com.kms.katalon.core.main.TestCaseMain$startTestSuite$0.call(Unknown Source)
	at TempTestSuite1690705484842.run(TempTestSuite1690705484842.groovy:36)
Caused by: java.lang.IllegalArgumentException: Source object is null
	at com.kms.katalon.core.webui.keyword.builtin.DragAndDropByOffsetKeyword$_dragAndDropByOffset_closure1.doCall(DragAndDropByOffsetKeyword.groovy:80)
	at com.kms.katalon.core.webui.keyword.builtin.DragAndDropByOffsetKeyword$_dragAndDropByOffset_closure1.call(DragAndDropByOffsetKeyword.groovy)
	at com.kms.katalon.core.webui.keyword.internal.WebUIKeywordMain.runKeyword(WebUIKeywordMain.groovy:20)
	at com.kms.katalon.core.webui.keyword.builtin.DragAndDropByOffsetKeyword.dragAndDropByOffset(DragAndDropByOffsetKeyword.groovy:75)
	at com.kms.katalon.core.webui.keyword.builtin.DragAndDropByOffsetKeyword.execute(DragAndDropByOffsetKeyword.groovy:69)
	at com.kms.katalon.core.keyword.internal.KeywordExecutor.executeKeywordForPlatform(KeywordExecutor.groovy:74)
	at com.kms.katalon.core.webui.keyword.WebUiBuiltInKeywords.dragAndDropByOffset(WebUiBuiltInKeywords.groovy:2682)
	at com.kms.katalon.core.webui.keyword.WebUiBuiltInKeywords$dragAndDropByOffset$5.call(Unknown Source)
	at Script1690704149326.run(Script1690704149326.groovy:23)
	... 16 more
)
[[ATTACHMENT|/Users/sangmoon.choi/git/Automation_Wconcept/Reports/20230730_172444/Search/20230730_172444/1690705576782.png]]]]></system-out>
         <system-err><![CDATA[2023-07-30 17:26:16 - [TEST_CASE][FAILED] - Test Cases/Search_ProductList: Test Cases/Search_ProductList FAILED.
Reason:
com.kms.katalon.core.exception.StepFailedException: Unable to drag and drop by offset distance
	at com.kms.katalon.core.webui.keyword.internal.WebUIKeywordMain.stepFailed(WebUIKeywordMain.groovy:64)
	at com.kms.katalon.core.webui.keyword.internal.WebUIKeywordMain.runKeyword(WebUIKeywordMain.groovy:26)
	at com.kms.katalon.core.webui.keyword.builtin.DragAndDropByOffsetKeyword.dragAndDropByOffset(DragAndDropByOffsetKeyword.groovy:75)
	at com.kms.katalon.core.webui.keyword.builtin.DragAndDropByOffsetKeyword.execute(DragAndDropByOffsetKeyword.groovy:69)
	at com.kms.katalon.core.keyword.internal.KeywordExecutor.executeKeywordForPlatform(KeywordExecutor.groovy:74)
	at com.kms.katalon.core.webui.keyword.WebUiBuiltInKeywords.dragAndDropByOffset(WebUiBuiltInKeywords.groovy:2682)
	at com.kms.katalon.core.webui.keyword.WebUiBuiltInKeywords$dragAndDropByOffset$5.call(Unknown Source)
	at Search_ProductList.run(Search_ProductList:23)
	at com.kms.katalon.core.main.ScriptEngine.run(ScriptEngine.java:194)
	at com.kms.katalon.core.main.ScriptEngine.runScriptAsRawText(ScriptEngine.java:119)
	at com.kms.katalon.core.main.TestCaseExecutor.runScript(TestCaseExecutor.java:448)
	at com.kms.katalon.core.main.TestCaseExecutor.doExecute(TestCaseExecutor.java:439)
	at com.kms.katalon.core.main.TestCaseExecutor.processExecutionPhase(TestCaseExecutor.java:418)
	at com.kms.katalon.core.main.TestCaseExecutor.accessMainPhase(TestCaseExecutor.java:410)
	at com.kms.katalon.core.main.TestCaseExecutor.execute(TestCaseExecutor.java:285)
	at com.kms.katalon.core.main.TestCaseExecutor.execute(TestCaseExecutor.java:369)
	at com.kms.katalon.core.main.TestCaseExecutor.execute(TestCaseExecutor.java:369)
	at com.kms.katalon.core.main.TestCaseExecutor.execute(TestCaseExecutor.java:369)
	at com.kms.katalon.core.common.CommonExecutor.accessTestCaseMainPhase(CommonExecutor.java:65)
	at com.kms.katalon.core.main.TestSuiteExecutor.accessTestSuiteMainPhase(TestSuiteExecutor.java:148)
	at com.kms.katalon.core.main.TestSuiteExecutor.execute(TestSuiteExecutor.java:106)
	at com.kms.katalon.core.main.TestCaseMain.startTestSuite(TestCaseMain.java:187)
	at com.kms.katalon.core.main.TestCaseMain$startTestSuite$0.call(Unknown Source)
	at TempTestSuite1690705484842.run(TempTestSuite1690705484842.groovy:36)
Caused by: java.lang.IllegalArgumentException: Source object is null
	at com.kms.katalon.core.webui.keyword.builtin.DragAndDropByOffsetKeyword$_dragAndDropByOffset_closure1.doCall(DragAndDropByOffsetKeyword.groovy:80)
	at com.kms.katalon.core.webui.keyword.builtin.DragAndDropByOffsetKeyword$_dragAndDropByOffset_closure1.call(DragAndDropByOffsetKeyword.groovy)
	at com.kms.katalon.core.webui.keyword.internal.WebUIKeywordMain.runKeyword(WebUIKeywordMain.groovy:20)
	... 22 more]]></system-err>
      </testcase>
      <system-out><![CDATA[2023-07-30 17:24:48 - [TEST_SUITE][FAILED] - Search: Test Cases/Search_ProductList FAILED.
Reason:
com.kms.katalon.core.exception.StepFailedException: Unable to drag and drop by offset distance
	at com.kms.katalon.core.webui.keyword.internal.WebUIKeywordMain.stepFailed(WebUIKeywordMain.groovy:64)
	at com.kms.katalon.core.webui.keyword.internal.WebUIKeywordMain.runKeyword(WebUIKeywordMain.groovy:26)
	at com.kms.katalon.core.webui.keyword.builtin.DragAndDropByOffsetKeyword.dragAndDropByOffset(DragAndDropByOffsetKeyword.groovy:75)
	at com.kms.katalon.core.webui.keyword.builtin.DragAndDropByOffsetKeyword.execute(DragAndDropByOffsetKeyword.groovy:69)
	at com.kms.katalon.core.keyword.internal.KeywordExecutor.executeKeywordForPlatform(KeywordExecutor.groovy:74)
	at com.kms.katalon.core.webui.keyword.WebUiBuiltInKeywords.dragAndDropByOffset(WebUiBuiltInKeywords.groovy:2682)
	at com.kms.katalon.core.webui.keyword.WebUiBuiltInKeywords$dragAndDropByOffset$5.call(Unknown Source)
	at Search_ProductList.run(Search_ProductList:23)
	at com.kms.katalon.core.main.ScriptEngine.run(ScriptEngine.java:194)
	at com.kms.katalon.core.main.ScriptEngine.runScriptAsRawText(ScriptEngine.java:119)
	at com.kms.katalon.core.main.TestCaseExecutor.runScript(TestCaseExecutor.java:448)
	at com.kms.katalon.core.main.TestCaseExecutor.doExecute(TestCaseExecutor.java:439)
	at com.kms.katalon.core.main.TestCaseExecutor.processExecutionPhase(TestCaseExecutor.java:418)
	at com.kms.katalon.core.main.TestCaseExecutor.accessMainPhase(TestCaseExecutor.java:410)
	at com.kms.katalon.core.main.TestCaseExecutor.execute(TestCaseExecutor.java:285)
	at com.kms.katalon.core.common.CommonExecutor.accessTestCaseMainPhase(CommonExecutor.java:65)
	at com.kms.katalon.core.main.TestSuiteExecutor.accessTestSuiteMainPhase(TestSuiteExecutor.java:148)
	at com.kms.katalon.core.main.TestSuiteExecutor.execute(TestSuiteExecutor.java:106)
	at com.kms.katalon.core.main.TestCaseMain.startTestSuite(TestCaseMain.java:187)
	at com.kms.katalon.core.main.TestCaseMain$startTestSuite$0.call(Unknown Source)
	at TempTestSuite1690705484842.run(TempTestSuite1690705484842.groovy:36)
Caused by: java.lang.IllegalArgumentException: Source object is null
	at com.kms.katalon.core.webui.keyword.builtin.DragAndDropByOffsetKeyword$_dragAndDropByOffset_closure1.doCall(DragAndDropByOffsetKeyword.groovy:80)
	at com.kms.katalon.core.webui.keyword.builtin.DragAndDropByOffsetKeyword$_dragAndDropByOffset_closure1.call(DragAndDropByOffsetKeyword.groovy)
	at com.kms.katalon.core.webui.keyword.internal.WebUIKeywordMain.runKeyword(WebUIKeywordMain.groovy:20)
	... 19 more]]></system-out>
      <system-err><![CDATA[2023-07-30 17:24:48 - [TEST_SUITE][FAILED] - Search: Test Cases/Search_ProductList FAILED.
Reason:
com.kms.katalon.core.exception.StepFailedException: Unable to drag and drop by offset distance
	at com.kms.katalon.core.webui.keyword.internal.WebUIKeywordMain.stepFailed(WebUIKeywordMain.groovy:64)
	at com.kms.katalon.core.webui.keyword.internal.WebUIKeywordMain.runKeyword(WebUIKeywordMain.groovy:26)
	at com.kms.katalon.core.webui.keyword.builtin.DragAndDropByOffsetKeyword.dragAndDropByOffset(DragAndDropByOffsetKeyword.groovy:75)
	at com.kms.katalon.core.webui.keyword.builtin.DragAndDropByOffsetKeyword.execute(DragAndDropByOffsetKeyword.groovy:69)
	at com.kms.katalon.core.keyword.internal.KeywordExecutor.executeKeywordForPlatform(KeywordExecutor.groovy:74)
	at com.kms.katalon.core.webui.keyword.WebUiBuiltInKeywords.dragAndDropByOffset(WebUiBuiltInKeywords.groovy:2682)
	at com.kms.katalon.core.webui.keyword.WebUiBuiltInKeywords$dragAndDropByOffset$5.call(Unknown Source)
	at Search_ProductList.run(Search_ProductList:23)
	at com.kms.katalon.core.main.ScriptEngine.run(ScriptEngine.java:194)
	at com.kms.katalon.core.main.ScriptEngine.runScriptAsRawText(ScriptEngine.java:119)
	at com.kms.katalon.core.main.TestCaseExecutor.runScript(TestCaseExecutor.java:448)
	at com.kms.katalon.core.main.TestCaseExecutor.doExecute(TestCaseExecutor.java:439)
	at com.kms.katalon.core.main.TestCaseExecutor.processExecutionPhase(TestCaseExecutor.java:418)
	at com.kms.katalon.core.main.TestCaseExecutor.accessMainPhase(TestCaseExecutor.java:410)
	at com.kms.katalon.core.main.TestCaseExecutor.execute(TestCaseExecutor.java:285)
	at com.kms.katalon.core.common.CommonExecutor.accessTestCaseMainPhase(CommonExecutor.java:65)
	at com.kms.katalon.core.main.TestSuiteExecutor.accessTestSuiteMainPhase(TestSuiteExecutor.java:148)
	at com.kms.katalon.core.main.TestSuiteExecutor.execute(TestSuiteExecutor.java:106)
	at com.kms.katalon.core.main.TestCaseMain.startTestSuite(TestCaseMain.java:187)
	at com.kms.katalon.core.main.TestCaseMain$startTestSuite$0.call(Unknown Source)
	at TempTestSuite1690705484842.run(TempTestSuite1690705484842.groovy:36)
Caused by: java.lang.IllegalArgumentException: Source object is null
	at com.kms.katalon.core.webui.keyword.builtin.DragAndDropByOffsetKeyword$_dragAndDropByOffset_closure1.doCall(DragAndDropByOffsetKeyword.groovy:80)
	at com.kms.katalon.core.webui.keyword.builtin.DragAndDropByOffsetKeyword$_dragAndDropByOffset_closure1.call(DragAndDropByOffsetKeyword.groovy)
	at com.kms.katalon.core.webui.keyword.internal.WebUIKeywordMain.runKeyword(WebUIKeywordMain.groovy:20)
	... 19 more]]></system-err>
   </testsuite>
</testsuites>
